<?xml version="1.0" encoding="UTF-8"?>
<!-- Generated by org.testng.reporters.JUnitXMLReporter -->
<testsuite ignored="5" hostname="MacBook-Air-2.local" failures="1" tests="3" name="Test" time="35.933" errors="0" timestamp="2022-08-21T14:14:52 EDT">
  <testcase classname="TutorialsNinja.TutorialsNinjaDemo1" name="orderCamera" time="5.487"/>
  <testcase classname="TutorialsNinja.TutorialsNinjaDemo1" name="orderProductIphone" time="4.699"/>
  <testcase classname="TutorialsNinja.TutorialsNinjaDemo1" name="orderProductMacBook" time="10.009">
    <failure type="org.openqa.selenium.TimeoutException" message="Expected condition failed: waiting for visibility of element located by By.xpath: //div//div[contains(@class,&amp;apos;caption&amp;apos;)]//a[contains(text(),&amp;apos;MacBook&amp;apos;)] (tried for 10 second(s) with 500 milliseconds interval)
Build info: version: &amp;apos;4.3.0&amp;apos;, revision: &amp;apos;a4995e2c09*&amp;apos;
System info: host: &amp;apos;MacBook-Air-2.local&amp;apos;, ip: &amp;apos;fe80:0:0:0:1009:5fb6:dd13:9ecc%en0&amp;apos;, os.name: &amp;apos;Mac OS X&amp;apos;, os.arch: &amp;apos;aarch64&amp;apos;, os.version: &amp;apos;12.3&amp;apos;, java.version: &amp;apos;17.0.4&amp;apos;
Driver info: driver.version: unknown">
      <![CDATA[org.openqa.selenium.TimeoutException: Expected condition failed: waiting for visibility of element located by By.xpath: //div//div[contains(@class,'caption')]//a[contains(text(),'MacBook')] (tried for 10 second(s) with 500 milliseconds interval)
Build info: version: '4.3.0', revision: 'a4995e2c09*'
System info: host: 'MacBook-Air-2.local', ip: 'fe80:0:0:0:1009:5fb6:dd13:9ecc%en0', os.name: 'Mac OS X', os.arch: 'aarch64', os.version: '12.3', java.version: '17.0.4'
Driver info: driver.version: unknown
at org.openqa.selenium.support.ui.FluentWait.timeoutException(FluentWait.java:263)
at org.openqa.selenium.support.ui.FluentWait.until(FluentWait.java:231)
at TutorialsNinja.TutorialsNinjaDemo1.orderProductMacBook(TutorialsNinjaDemo1.java:223)
at java.base/java.util.ArrayList.forEach(ArrayList.java:1511)
... Removed 27 stack frames]]>
    </failure>
  </testcase> <!-- orderProductMacBook -->
  <testcase classname="TutorialsNinja.TutorialsNinjaDemo1" name="addToCart" time="0.0">
    <ignored/>
  </testcase> <!-- addToCart -->
  <testcase classname="TutorialsNinja.TutorialsNinjaDemo1" name="displaySuccessMessage" time="0.0">
    <ignored/>
  </testcase> <!-- displaySuccessMessage -->
  <testcase classname="TutorialsNinja.TutorialsNinjaDemo1" name="viewCart" time="0.0">
    <ignored/>
  </testcase> <!-- viewCart -->
  <testcase classname="TutorialsNinja.TutorialsNinjaDemo1" name="checkoutIphone" time="0.0">
    <ignored/>
  </testcase> <!-- checkoutIphone -->
  <testcase classname="TutorialsNinja.TutorialsNinjaDemo1" name="updateCard" time="0.0">
    <ignored/>
  </testcase> <!-- updateCard -->
</testsuite> <!-- Test -->
